hosts=(
    vmadmin
    vmtools
    vmlinux6
    vmsupcis
    dbhost1
    lpw-test
    lpw
    eghm
    eghm-test
    optimal
    elsinghorst
    schleich
    schleichus
    schleich-test
    schleichus-test
    schleich-db
    schleichus-db
    farbtex
    hartje-fahrrad
    hartje-motorrad
    hartje-kfz
    hartje-teile
    hartje-test
    granzow
    granzow-test
    babor1
    babor2
    fiegeapfel
    fiegeapfel-test
    hako-test
    hako
    boerner-test
    boerner
    eickhoff-test
    eickhoff
    kraenzle1
    kraenzle2
    fega
    fega-test
    # scm-neu
    # scm-test
    noerdlinger
    demo
    demo-test
    hermes1
    hermes2
    hermes3
    breuninger
    breuninger-test
)
